124.225.213.74
1337x.st
1337x.to
15min.lt
15minut.org
185.218.16.178
195.133.55.130:22
1lurer.am
1news.az
1pezeshk.com
1plus1.ua
1tv.am
1xbet.by
200rf.com
2019ncov.nosugartech.com
20khvylyn.com
20speed.co
21vek.by
24chasa.bg
24tv.ua
2xq.ir
34mag.net
444.hu
45.138.74.146:26975
45.38.37.48
4everproxy.com
5.35.127.120
5.ua
520hack.com
5element.by
84.32.104.61
881903.com
888casino.com
8kun.top
9tv.co.il
a1.by
a1plus.am
abbabusiness.org
abc.net.au
abcunderwear.com
aborcja-polska.org
abpr2.railfan.net
abs.twimg.com
access-unlocked.org
account.proton.me
activatica.org
activecloud.by
ad.nl
adambarfii.com
adguard-vpn.com
adguard.com
adl.hayway.org
adultmult.tv
advocate.com
advox.globalvoices.org
adyannet.com
aeenebahai.org
aejournal.ir
af.mil
afifnp.com
afisha.relax.by
afn.by
afp.com
afpforum.com
agenceurope.eu
agents.media
aghatehrani.ir
agora.legal
aids.ir
aihrc.org.af
aja.ir
alberta.ca
alef.ir
alhayat.com
alhurra.com
aliafshari.com
aliakbarnaseri.ir
alice-vpn.com
allrus.news
allthefallen.moe
almeshkat.net
alpi-koushkonar.ir
alraynews.net
amazonprime.com
americannaziparty.com
amerikaovozi.com
amiab.am
aminsabeti.net
amnesty.org
amnezia.org
anaween.com
anidalton.blogfa.com
animelib.me
animevost.tv
anonfiles.com
anonymouse.org
anonymox.net
antikor.com.ua
antivigilancia.org
antizapret.prostovpn.org
aparat.com
aplaycasino.com
apollo.lv
app.wire.com
arablounge.com
archive.is
archiveofourown.org
armenialiberty.am
armenianchurch.org
armhels.com
armtimes.com
army.mil
artcenter.by
arte.tv
article19.org
artstation.com
artsy.net
asekose.am
ashemaletube.com
ashingtonpost.com
asiaterra.info
asl19.org
asre-nou.net
atlaspress.news
atr.ua
avairan.com
avatech.ir
avtonom.org
avtovelomoto.by
avtovopros.by
avtozak.info
aws.amazon.com
azadiradio.com
azadliq.org
azathabar.com
azatliq.org
azattyk.org
azattyq.org
azattyqasia.org
azatutyun.am
azatutyun.net
b1tv.ro
babook.org
bacardi.com
backblaze.com
backstage-api.com
badoo.com
baj.media
bama.ir
baskino.me
baza.io
bazaremali.com
bazrpash.ir
bbc.co.uk
bbc.com
bbcazeri.com
bbckyrgyz.com
bbcrussian.com
bbm.com
bccdc.ca
beacondb.net
beeg.com
behdashtmohit.com
beian.gov.cn
beintheknow.org
belarusians.nl
belhumanrights.house
bellingcat.com
bellit.info
belmovie.by
belpol.pro
belsat.eu
belsat.pl
belstat.gov.by
berbidvps.ir
berlingske.dk
besthost.by
betfair.com
betonmobile.by
betternet.co
betway.com
beyondexgay.com
bgmedia.site
bi.org
bielarus.net
bigmir.net
biladi-sa.com
bing-amp.com
bionet.am
bitchute.com
bitcoin.org
bitfinex.com
bitmask.net
bitsearch.to
bk.by
blackberry.com
blackseanews.net
blackseango.org
blancvpn.com
blestfamily.com
blockdx.co
blog.ir
blog.mozilla.org
blogs.voanews.com
blogsky.com
blued.com
bluehost.com
boerse.to
bogus.d2a8n1.rootcanary.net
boingboing.net
bok-o-bok.com
bolshoibelarus.by
booktracker.org
bp.com
brama.online
bravoporn.com
brazino777.by
brestcity.com
briarproject.org
brick.blogfa.com
bridges.torproject.org
browsec.com
bseu.by
bsky.app
bsw-vg.de
btbit.org
btcchina.com
btdb.to
btselem.org
budzma.org
buheshiyi.com
bumble.com
bumingbai.net
bundesverband-trans.de
businessweekly.com.tw
by.tribuna.com
bybanner.com
bysol.org
ca.yahoo.com
cactusvpn.com
caffecinema.com
caihongto.com
caixin.com
cameleo.xyz
camsoda.com
cannaweed.com
carnegieendowment.org
casino.com
casinotropez.com
catalyst.org
caucasustimes.com
ccel.org
ccli.ir
cctvhikvision.center
cdn-client.medium.com
cdn.fbsbx.com
cdn.lurkpro.tech
cdp1998.org
cecc.gov
ceno.app
censor.net
censor.net.ua
censorship.no
censortracker.org
centcom.mil
centre1.com
ceskatelevize.cz
charitum.com
charity.foodblockchain.com.cn
charter97.org
chat.in-the.eu
chat.nuvon.app
chat.privittytech.com
chat.sus.fr
chat.vim.wtf
chat.zashm.org
chatmail.au
chatmail.culturanerd.it
chatmail.email
chatmail.woodpeckersnest.space
chatserver.hashi.sbs
chatzy.ir
cherta.media
chess.com
chika.aangat.lahat.computer
china-moutai.com
china.usembassy-china.org.cn
chinadigitaltimes.net
chinaqna.com
chinese.aljazeera.net
chinesebookonline.com
christianitytoday.com
christians4peace.com
chronicles.media
chtml.ca
church.by
church.ua
cia.gov
cinemajournal.ir
citizensclimatelobby.org
cloudvps.by
cn.nytimes.com
cnews.fr
cock.li
codal.ir
codeinfarsi.org
collegehumor.com
com.cy
complex-life.blog.ir
converser.eu
coocheh.com
coquette.com
coursera.org
cpanel.ir
cpj.org
craigslist.org
crazygames.com
credibilitycoalition.org
crimea-news.info
cryptpad.fr
cryptpad.org
cseindia.org
csis.org
ctdsb.cnhubei.com
culture.taiwan.cn
current-time.gitlab.io
currenttime.tv
cwtch.im
cyberghostvpn.com
cyberhub.am
cyberpolice.ir
cyprus-mail.com
cyprustimes.com
d.gaufr.es
d2dj0qptshsals.cloudfront.net
dailymail.co.uk
dailymotion.com
danneskjold.de
darkrun.dev
darpa.mil
day.kyiv.ua
daymohk.org
ddosecrets.com
de.xhamster.com
deal.by
deathmetal.org
defcad.com
dehnamaki.blogfa.com
delbara.com
delfi.ee
delo.ua
delta.thelab.uno
demokracija.eu
demokracija.si
dennikn.sk
depo.ua
destructoid.com
deu.xhamster.com
dev.ua
deviantart.com
dia.mil
dialog.ua
diena.lv
digi24.ro
digitalocean.com
digitalskills.by
digitrain.ir
diplomaticsecondpassport.com
discord.com
dit.whatsapp.net
divar.ir
dmnazarimehr.blogfa.com
dns.adguard.com
doc.rt.com
doh-fi.blahdns.com
doh.centraleu.pi-dns.com
dolatebahar.com
donbass.ua
dongtaiwang.com
donpress.com
dossier.center
doubleclick.net
dovod.online
doxa.team
dr-azizi.ir
dreamhost.com
dron.media
drsoleimani.ir
drtala.com
drugs-forum.com
drugsdata.org
dsae.by
dsau.dp.ua
dumpert.nl
dw.com
dwelle.eu
dytt8.net
e-hentai.org
e-reading.club
e2ee.im
e2ee.wang
earerepost.com
ebneveshteha.com
ebuddy.com
ecequality.org
echofm.online
eclipso.de
ecohome.ngo
ecoidea.me
economics.basnet.by
edge-chat.instagram.com
edge-mqtt.facebook.com
editorials.voa.gov
efe.com
eghtesadban.com
ehda.sbmu.ac.ir
ehorussia.com
ekhokavkaza.com
elections2020.spring96.org
elmundo.es
elpais.com
elpha.com
eluniversal.com
emeil.ir
emruznews.com
epravda.com.ua
epress.am
equaldex.com
equalit.ie
equalitie.org
erowid.org
err.ee
ert.gr
ertnews.gr
espreso.tv
estjt.ir
eu-objective.online
euobserver.com
eurasia.amnesty.org
eurasianet.org
eurobicon.org
euronews.com
europeanbelarus.org
euroradio.fm
eventbrite.com
ex-press.live
exitinternational.net
exmormon.org
expresso.pt
expressvpn.com
ext.to
external.xx.fbcdn.net
eztv.ag
eztv.re
f-secure.com
fa.rael.org
fa.rezapahlavi.org
facebook.com
factograph.info
fadaian.org
fakty.ua
familyequality.org
faraso.org
faridmod.blogfa.com
farsi.euronews.com
farsimed.ir
fast-die.github.io
fast-die.kiev.ua
fastcomet.com
faz.net
fbcdn.net
fbk.info
feedtheminds.org
feminist.com
feminist.org
ferdowsiaccelerator.ir
fergana.agency
fergana.news
fergananews.com
fhi360.org
ficbook.net
fidh.org
files.nexus-cdn.com
filex.com
film2serial.ir
flagshtok.info
flashkhor.com
flibusta.is
focus.ua
fonbet.by
foreignaffairs.com
fortanga.org
forum.mhut.org
forum.torproject.net
forum.torproject.org
fozoolemahaleh.com
fr.de
fr.gov.by
frant.me
frc.org
freecity.lv
freedomhouse.org
freemedia.io
freespeechdebate.com
freevpnplanet.com
freshpair.com
fri-gate.org
fromuz.com
fsf.org
ftchinese.com
fuckingfreemovies.com
fundtexaschoice.org
funpatogh.com
furfur.me
furryrefuge.com
gagadget.com
gambling.com
gamedev.by
gamesky.ir
gateway.ipfs.io
gawker.com
gay.kz
gaycity.love
gaymenshealth.org
gayroom.com
gazeta.ua
gazeta.uz
gazetaby.com
ge.xhamster.com
genderdysphoria.fyi
geph.io
getlantern.org
getoutline.org
getpocket.com
gigantti.fi
gigfa.com
gijn.org
girlintim.com
glaad.org
glasnaya.media
glavcom.ua
glavnoe.in.ua
glavnoe.ua
glavpost.com
glavred.info
globalgiving.org
globalnetworkinitiative.org
globalpressjournal.com
globalr2p.org
globalvoices.org
glsen.org
gnu.org
go-krit.com
godaddy.com
goldenpalace.com
goldenrivieracasino.com
golosamer.gitlab.io
golosameriki.com
golosinfo.org
golosislama.com
goodreads.com
google.com.hk
gorgij.net
gorz.ir
gotgayporn.com
gpress.info
grammarly.com
grand-casino0.com
grandcasino.by
graniru.org
granma.cu
grapheneos.org
greenbelarus.info
greenpeace.org
grindr.com
grindr.mobi
gsc-game.com
guardster.com
gubernia.media
guildwars.com
hackmd.io
haftir.ir
hamamoun.org
hamkhone.ir
hamsayegan.com
harasswatch.com
harbarg.com
hardsextube.com
hasatoday.com
hatsapp.com
hatsislam.com
hb.by
hbr.org
hdl.handle.net
healthcare.by
helpdesk.media
hemid.com
hetq.am
hetzner.com
hhk.am
hi.sapp.ir
hide.me
hidemy.name
hidemyass.com
hifc.ir
hightimes.com
hiv.gov
hivsti.com
hizb-ut-tahrir.org
hizb-uzbekiston.info
hkbookcity.com
hket.com
hkoutlanders.com
hleb.asia
hochuzhit.com
hola.org
holakoueearchive.co
holod.media
homayounshajarian.blogfa.com
honduras.com
hootsuite.com
hornet.com
hosseinsanapour.blogfa.com
hostfly.by
hostgator.com
hostvds.com
hot-chilli.im
hotgaylist.com
hotspotshield.com
howtogeek.com
howtogrowmarijuana.com
hraicp.org
hram.by
hrc.org
hrf.org
hromadske.ua
hrw.org
hrwf.eu
hs.fi
hss.gov.nt.ca
humanconstanta.org
humanflow.com
humanrights-ir.org
humanrightsfirst.org
humanrightshouse.org
hunafa.com
hustler.com
hyesingles.com
i-store.by
i.gr-assets.com
i.instagram.com
i2p2.de
i2pd.website
iapbelarus.org
iaru.org
ichkeria.info
ici.radio-canada.ca
ictt.by
idelreal.org
idemocracy.asia
iditelesom.org
iew.ir
ifb.ir
iico.org
ikhwanonline.com
ilga.org
iltalehti.fi
imagisphe.re
imrussia.org
independent.com.mt
independent.ie
indiegamesplus.com
indiewatch.net
inespectator.com
inetprivacy.com
information.dk
informationsverige.se
informator.ua
insecure.org
instacart.com
instagram.com
instagram.fsaw1-13.fna.fbcdn.net
instructions.peaceplea.org
intave.ac
internationalrivers.org
interpol.int
intersukupuolisuus.fi
investigator.org.ua
ioas.ac
ionos.com
ipfs.io
ipvnews.org
ir.voanews.com
iranhiv.com
iranian.com
iranianstoday.com
iranjavan.com
iranjewish.com
iranled.com
iranmatlab.ir
iranpressnews.com
iranx.net
irarz.com
irenex.ir
iri.org
iridium-russia.com
irishtimes.com
irna.ir
is.fi
islam.plus
islamage.com
islamdin.com
islameyat.com
islamhouse.com
islamqa.info
islamqt.com
isna.ir
istories.media
itarmy.com.ua
itbazar.com
itgetsbetter.org
itness.org
itresan.com
jackpotcitycasino1.com
jahforum.org
janesdueprocess.org
jasjoo.com
jebhemelli.net
jense-akhar.persianblog.ir
jensiat.io
jewe.ir
jewish.am
jingdaily.com
journlab.online
jsf.mil
judaism.com
jungefreiheit.de
juof7.com
justassociates.org
justmysocks1.net
jw.org
kafanews.com
kaiwind.com
kala724.net
kalashnikov-seeds.com
kaleidoscopetrust.com
kaleme.com
kaliboys.com
kalinouski.org
kamatera.com
karinovin.com
kasparovru.com
kat.am
katcr.to
kavkaz-uzel.eu
kavkaz.tv
kavkazcenter.com
kavkazr.com
khilafah.net
khosq.am
kickassclassical.com
kickasstorrents.to
kidshealth.org
kinogoo.cc
kinokrad.co
kinozal.tv
kiwifarms.net
kmoun.info
kmu.gov.ua
knack.be
knews.kg
kosa.media
krinica.org
krymsos.com
kryscina.com
kufar.by
kultura.by
kupalauski.by
kurdistanhumanrights.org
la-croix.com
la7.it
laborrightsnow.org
lambdalegal.org
lantern.io
lasenza.com
lastampa.it
lawtrend.org
lb.ua
ldpb.by
legalizer.cc
lemonde.fr
lesbiansubmission.com
levif.be
lexpress.fr
lezsmeeting.com
lgbt.foundation
lgbtnet.org
lgbtqia.space
lgbtqnation.com
lgbtru.com
lgbtvacationplanners.com
lib.rus.ec
liberation.fr
libereco.org
libgen.fun
libgen.is
libgen.lc
libgen.li
libgen.life
libgen.me
libgen.rs
libgen.space
libgen.st
liga.net
limetorrents.lol
limetorrents.pro
limoo.host
line.me
lingo.com
linkedin.com
linktr.ee
lioncomputer.com
liquipedia.net
livejasmin.com
liveleak.com
livemy.info
liveuamap.com
login.by
lokinet.org
lookaside.facebook.com
lostfilm.tv
lotoru.com
lratvakan.am
lrt.lt
lrytas.lt
lsm.lv
luckynugget.com
lyrikline.org
m.youtube.com
madar365.com
madre.org
madyariran.net
mahak-charity.org
maidan.org.ua
mail.iran.ir
mail.proton.me
mail.yahoo.com
mailchat.pl
mailchi.mp
mailfa.com
majlis.ir
makeout.space
malanka.media
maltatoday.com.mt
manas.news
manhub.com
map.sogou.com
mapmiao.com
marathonbet.by
marde-rooz.com
marxist.news
marzeporgohar.org
mask-h2.icloud.com
mask.icloud.com
mastodon.social
matrix-client.matrix.org
matrix.archaeo.social
matrix.catgirl.cloud
matrix.communick.com
matrix.digitalprivacy.diy
matrix.electrologic.org
matrix.federated.nexus
matrix.frei.chat
matrix.fsfe.org
matrix.norge.chat
matrix.oblak.be:443
matrix.pub.solar
matrix.secure-channel.net
matrix.tchncs.de
matrix.to
matters.town
mayday.health
mbk-news.appspot.com
mbk.news
mcclgbt.com
mdif.org
mdz-rus.github.io
med.by
media-arn2-1.cdn.whatsapp.net
media.fevn1-1.fna.whatsapp.net
medianet.kz
mediapoint.am
mediapool.bg
mediazona.ca
mediazonaby.com
medium.com
meduza.io
meendo.net
meet.google.com
megaproxy.com
megatfile.cc
megatv.com
mehl.cloud
mehrabane.ir
mehrnews.com
mesghal.online
messenger.com
metal-archives.com
metart.com
mfa.gov.ua
mignews.ua
mihanblog.com
milfhunter.com
miliao.com
militant.zone
minda.by
minds.com
minjust.net
minval.az
minzdrav.gov.by
mirknig.su
miro.medium.com
mirror.cyberbits.eu
mizanonline.ir
mmg.whatsapp.net
mnr.gov.cn
mod.gov.sa
molina.ir
monacogoldcasino.com
mostmedia.io
motolko.help
movie4k.to
moviesarena.com
moz.gov.ua
mp3.com
mp3quran.net
mr90.ir
mrakopedia.net
mrdeepfakes.com
msn.com
mstdn.jp
mtux.nl
mullvad.net
music.youtube.com
musicema.com
musixmatch.com
muslm.org
mv.ecuo.org
myrotvorets.center
myspace.com
naba-news.com
namba.kz
name.am
nash-sever.info
nashaniva.com
nationalgeographic.com
navalny.com
navi.gg
navy.mil
nayrika.com
nazarene.org
nazk.gov.ua
nbcnewyork.com
nclrights.org
ndi.org
ned.org
negahjonoubirannews.ir
net.tebyan.net
network.newsensations.com
networksolutions.com
nevzorov.tv
new-rutor.org
newbelarus.com
newgrodno.by
newinform.com
newnownext.com
news.bahai.org
news.google.com
news.liga.net
newsmaker.md
newsmaven.io
newsru.com
newsweek.com
newtime.ua
nex1music.ir
nexta.tv
ngocn.net
nibblehole.com
nikk.agency
nikkei.com
nine.testrun.org
niniweblog.com
nnmclub.to
nomer-org.website
noorasec.com
nope.chat
nordvpn.com
nos.nl
notvpn.io
nova24.si
nova24tv.si
novaya.no
novayagazeta.ee
novayagazeta.eu
novayapolsha.com
novayapolsha.eu
novayapolsha.pl
novychas.online
nr2.com.ua
nrc.nl
nrdc.org
nsec.ir
ntc.party
nv.ua
obozrevatel.com
observador.pt
observers.rfi.fr
occrp.org
ochevidcy.com
oct.by
odysee.com
oe24.at
oeek.pl
officelife.media
ombuds.am
omct.org
omenonwaves.org
omsk.com
onderzine.com
onemorelesbian.com
onionshare.org
onlinegambling.com
onlineserver.ir
onwh.51rry.com
ooni.torproject.org
open.substack.com
openglobalrights.org
openlynews.com
openmedia.io
openrussia.org
opensanctions.org
opensea.io
opensocietyfoundations.org
openuni.io
or.team
orbot.app
orf.at
originalelf.com
orldcoalition.org
orldofseeds.com
orldwildlife.org
otbm.com
out.com
ovdinfo.org
ow.ly
oxfam.org
ozodlik.org
pa.azadiradio.com
paac.ir
pacom.mil
padafand.aja.ir
panel.limoo.host
panties.com
pap.pl
paperpaper.io
papervpn.io
paralleleconomy.com
parniplus.com
parsi.euronews.com
parspack.ir
partypoker.com
partypoker.net
paskoocheh.com
patreon.com
pawoo.net
pay.ir
pbs.twimg.com
pdf-18.com
pdki.org
peaceplea.org
persecution.org
persian.kamangir.net
persianblog.ir
persiangig.com
pexels.com
peykeiran.com
pflag.org
phpmyadmin.net
pinboard.in
pinknews.co.uk
piratpartiet.se
piter.fm
pixabay.com
pixiv.net
plancpills.org
planeta.press
planetromeo.com
play.google.com
plug-mirror.rcac.purdue.edu
pm.by
pn14.info
pnpm.io
pocketoption.com
podcasty.polskieradio.pl
podrobnosti.ua
pof.com
pokerstars.com
police.ir
poligon.media
poligonmedia.io
polit.info
politexpert.net
political.am
politico.com
politico.eu
politis.com.cy
politros.com
polygon.com
ponisha.ir
pornoelena.net
pornolab.net
postmaster.co.uk
pozirk.online
pps.whatsapp.net
pr-belarus.org
prajdzisvet.org
pravda.com
pravda.com.ua
pravdamaterinstva.org
premaritalsex.info
president.gov.ua
pressorg24.com
pri.org
prismatica.community
privateinternetaccess.com
privatevpn.com
pro-life.by
proekt.media
progomel.by
projectbaseline.com
projectveritas.com
prolife.com
propastop.org
prosleduet.media
prostitutkiminsk.org
protokol.band
proton.me
protonvpn.com
protothema.gr
protv.ro
provokator.com.ua
proxify.com
proxy.i2phides.me
proxy.org
proxyman.com
psiphon.ca
psyplants.info
publico.pt
publika.uz
purevpn.com
putinbog.wordpress.com
pyramidseeds.com
qha.com.ua
qomefarda.ir
quantico.marines.mil
queerintheworld.com
queerty.com
quora.com
radioaurora.am
radiofarda.com
radiofrance.fr
radiomarsho.com
radiosvoboda.org
radiozamaneh.com
raha680.blogfa.com
rahesabz.net
rahvar120.ir
rai.it
rainews.it
ran.org
ranginkaman24.online
rapidgator.net
rargb.to
rasanegar.com
razhavaniazha.com
rbc.ua
rdo.rs
re-russia.net
rebellion.global
redkollegia.org
redshieldvpn.com
reference.bahai.org
reform.news
reforum.io
reporter-ua.com
reprolegalhelpline.org
repubblica.com
repubblica.it
rescue.org
rescue.sitiits.com:9966
resilio.com
reymit.ir
rezapahlavi.org
rferl.org
rfi.fr
riftgame.com
riperam.org
risebroadband.com
riseup.net
risk-inform.com
riverbelle.com
rnbo.gov.ua
roblox.com
rollenspiel.chat
romania.org
romare.ro
romb.tv
roombedivar.com
rosdep.org
roskomsvoboda.org
royalvegas.com
rsf.org
rsml.med.by
rte.ie
rti.org.tw
rtp.pt
rtve.es
ru-news.us
ru.b-ok.cc
ru.baku.ws
ru.bellingcat.com
ru.belsat.eu
ru.krymr.com
ru.rfi.fr
ru.yahoo.com
rumble.com
run.ooni.org
runescape.com
rupor.info
rureporter.com
rus.azathabar.com
rus.azattyq.org
rus.delfi.ee
rus.ozodi.org
rus.ozodlik.org
rusmonitor.com
rusnsn.info
rutor.info
rutor.org
rutracker.org
safe2choose.org
sakharov.world
salam.ir
samatak.com
samesexmarriage.ca
samizdatonline.org
saskatchewan.ca
saverudata.online
sayt.ws
sbobet.com
sbs.com.au
scarleteen.com
scontent-ams4-1.cdninstagram.com
scontent-vie1-1.cdninstagram.com
scontent.cdninstagram.com
scontent.xx.fbcdn.net
search.aol.com
search.com
searchindia.com
secfirst.org
seclists.org
secure.avaaz.org
seed4.me
seedoff.zannn.top
seedoff4.innal.top
semnasem.org
sendspace.com
severreal.org
sex.com
sexandu.ca
seznamzpravy.cz
sfsi.org
shahrvand-yar.com
shahvani.site
shahvatsaraa.com
shamash.org
shanghai.ist
shantdigitaltv.com
share.america.gov
shenoto.com
shia.org
shockmodels.info
shomalnews.com
shop.mts.by
shram.kiev.ua
shroomery.org
shtab.navalny.com
shura.gov.sa
sibestaan.malakut.org
sibmo.ir
sibreal.org
siti1.com
skai.gr
skat.media
skiff.com
slate.com
slideshare.net
slotland.com
slovodel.com
sme.sk
snanews.de
snapchat.com
sobor.by
socialnetwork24.com
socom.mil
softlayer.com
sota.vision
sotaproject.com
sotnik-tv.com
soundcloud.com
southcom.mil
southfeministfutures.org
sovanews.tv
speedify.com
speedtest.net
spektr.press
spideroak.com
spiegel.de
spinpalace.com
sportingbet.com
sportsinteraction.com
spring96.org
sprotyv.info
sputnikipogrom.com
srgssr.ch
ssd.eff.org
stalker2.com
startmail.com
startpage.com
static.cdninstagram.com
static.xx.fbcdn.net
staticxx.facebook.com
status.im
stds.ir
steam.com
stepanov2021.org
stirileprotv.ro
stonewall.org.uk
stopfake.org
stopstreetharassment.org
storm.mg
story.te-st.org
stratcom.mil
subwaysurfersgame.io
sunshine.by
suomi24.fi
surfshark.com
svaboda.org
sverigesradio.se
svoboda.org
svt.se
svtv.org
sweetfern.net
swi.ir
swisscows.email
swissinfo.ch
synapse.bark.lgbt
synapse.hyteck.de
t.co
t.me
tachyon.eco
tacticaltech.org
tadbir24.ir
tapesh.com
tarpit.fun
tasna.ir
tayga.info
tchrd.org
te-st.org
team29.org
technorati.com
teenhealthfx.com
telegra.ph
telegraf.com.ua
telegraf.news
telegram.me
telegram.org
telegraph.co.uk
temp-mail.org
tert.am
test-ipv6.com
tf1info.fr
the-apothecary.club
the-village.online
thebell.io
thegamer.com
thegooddrugsguide.com
theins.press
theinternationallegion.org
them.us
themoscowtimes.com
thenewtab.io
theothersby.org
thepiratebay.org
therarbg.com
thestandard.com.hk
thetaskforce.org
thetrevorproject.org
thetruestory.news
theworld.org
threema.ch
thunder.free-signal.com
thz7.net
tic.ir
ticacc.ir
timesofmalta.com
titre1.ir
tochka.net
topnaz.com
tor.eff.org
torkbrand.ir
torontovka.com
torproject.org
trac.torproject.org
transequality.org
transparency.org
transry.fi
travelgay.com
trendsmap.com
trigup.com
triller.co
trisquel.info
trtworld.com
trud.org
trust.zone
truthnet.org
trv-science.org
tse.ir
tsetmc.com
tsn.ua
tunnelbear.com
turbobit.net
turbovpn.com
tushkan.club
tuta.com
tutanota.com
tuzinfm.by
tvmnews.mt
tvnet.lv
tvr.by
tvrain.tv
tw.appledaily.com
twirpx.com
twitter.com
tx.me
typepad.com
ua.korrespondent.net
ua.krymr.com
ua.tribuna.com
uacrisis.org
uainfo.org
uapolitics.com
udf.name
udikov.com
uhrp.org
ukraine.ua
ukrinform.ua
ultrasurf.us
unfe.org
unian.info
unian.net
unicef.com
unico-org.com
uninterest.ing
uniongang.net
unn.com.ua
unsplash.com
upinja.com
uplo.ir
upload.twitter.com
uplooder.net
upogau.org
upr-info.org
urban-vpn.com
urduvoa.com
usa.one
usafa.af.mil
usrf.us
ust-kut24.com
utro02.tv
utronews.org
uupload.ir
uyghurpress.com
uznews.uz
uzreport.news
uzreport.uz
uzryoq.com
uzxalqharakati.com
v.qq.com
vaislamah.com
vanguardnewsnetwork.com
varzesh3.com
vauva.fi
vazeh.com
vector.im
veracrypt.fr
verstka.media
vesma.today
vesselthefilm.com
viber.com
vice.com
victoryinstitute.org
video.cdninstagram.com
video.twimg.com
vintage-erotica-forum.com
virgool.io
visaginas.lt
visametric.com
vitebskspring.org
vitk.com.ua
vkurier.by
vlasti.net
voachinese.com
voanews.com
voatibetan.com
voiceofbelarus.org
voka.tv
vortex-team.org
vot-tak.tv
votvot.tv
vozrojdenie.crimea.ua
vpn-api.proton.me
vpngate.net
vpngen.org
vpnguild.org
vpnlove.org
vpnproxymaster.com
vpnredcat.com
vpsgol.net
vseti.by
war.hvylya.net
war.ukraine.ua
wargaming.com
wasabiwallet.io
watech.ir
we.riseup.net
weareukraine.info
web.facebook.com
webneveshteha.com
weedmaps.com
werteunion.de
wickr.com
wikianime.club
wikileaks.org
womeninblack.org
world.comments.ua
worldhealth.net
wotanjugend.info
wpengine.com
wpsho.com
write.as
wrldrels.org
wuhan.support
wwf.panda.org
www2.illinois.gov
x.com
xanga.com
xda-developers.com
xhamster.com
xnxx.com
xs.uz
xvideos.com
xxx.lanl.gov
yahoo.com
yekupload.ir
yerkir.am
yerkirmedia.am
yle.fi
ylilauta.org
yocity12.com
youjizz.com
youporn.com
youtu.be
youtube.com
yt3.ggpht.com
yt4.ggpht.com
yuehui.163.com
yuemei.com
yummyanime.org
z-lib.org
zamin.uz
zananemrooz.com
zaobao.com
zaobao.com.sg
zarinpal.com
zaxid.net
zbsb.info
zbsunion.org
zeit.de
zenmate.com
zerkalo.az
zerkalo.io
zh.amnesty.org
zh.bitterwinter.org
zh.moegirl.org.cn
zht.globalvoices.org
zili.ir
znak.com
zona.media
zubr.media
zula.ir
